Total queries to tag: 21111
Resuming: 20596 already tagged, 515 empty will be retried
  [600/21111] I'm feeling nostalgic today, could you curate a playlist fea → []
  [2000/21111] I'm going on a solo trip to Sydney. Any recommendations for  → []
  Saved 20647 queries
  [2800/21111] Can you help me create a visually appealing and professional → []
  [7500/21111] Can I get the lineup of a football match? → ['entertainment', 'data', 'news', 'knowledge', 'search']
  Saved 20787 queries
  [9900/21111] I am interested in exploring and finding fresh, innovative d → []
  [13100/21111] I want to create a playlist with my favorite rock songs. → []
  [14000/21111] Can I find all the music playlists I need in one place? → []
  Saved 20956 queries
  [19800/21111] Can this tool help me in generating a creative visual advert → []

Done: 20675/21111 queries tagged
Errors: 0
Output: /mnt/c/Users/Scott/Documents/Work/paper-retrieval-governed-context-artifacts/evals/data/external_benchmarks/metatool/query_tags_top5.json

Query tag distribution:
  knowledge: 14705
  search: 11895
  education: 8665
  data: 8293
  business: 7786
  productivity: 6759
  communication: 5866
  entertainment: 5242
  location: 4595
  developer: 4273
  shopping: 4200
  news: 3827
  finance: 3311
  travel: 3173
  science: 2703
  image: 2637
  health: 2160
  food: 1609
  weather: 992
  security: 645
